# JRE version: OpenJDK Runtime Environment (8.0_202-b03) (build 1.8.0_202-release-1483-b03)
# Java VM: OpenJDK 64-Bit Server VM (25.202-b03 mixed mode windows-amd64 compressed oops)
Heap:
 PSYoungGen      total 138240K, used 40971K [0x00000000d5c00000, 0x00000000e0580000, 0x0000000100000000)
  eden space 133120K, 30% used [0x00000000d5c00000,0x00000000d8402c38,0x00000000dde00000)
  from space 5120K, 0% used [0x00000000dde00000,0x00000000dde00000,0x00000000de300000)
  to   space 15872K, 0% used [0x00000000df600000,0x00000000df600000,0x00000000e0580000)
 ParOldGen       total 65024K, used 19089K [0x0000000081400000, 0x0000000085380000, 0x00000000d5c00000)
  object space 65024K, 29% used [0x0000000081400000,0x00000000826a4598,0x0000000085380000)
 Metaspace       used 37014K, capacity 37586K, committed 37632K, reserved 1081344K
  class space    used 4706K, capacity 4862K, committed 4864K, reserved 1048576K
GC Heap History (10 events):
Event: 1.116 GC heap before
{Heap before GC invocations=3 (full 0):
 PSYoungGen      total 71680K, used 20206K [0x00000000d5c00000, 0x00000000da700000, 0x0000000100000000)
  eden space 66560K, 22% used [0x00000000d5c00000,0x00000000d6abda78,0x00000000d9d00000)
  from space 5120K, 99% used [0x00000000da200000,0x00000000da6fe070,0x00000000da700000)
  to   space 5120K, 0% used [0x00000000d9d00000,0x00000000d9d00000,0x00000000da200000)
 ParOldGen       total 87552K, used 7881K [0x0000000081400000, 0x0000000086980000, 0x00000000d5c00000)
  object space 87552K, 9% used [0x0000000081400000,0x0000000081bb2430,0x0000000086980000)
 Metaspace       used 20765K, capacity 21144K, committed 21296K, reserved 1069056K
  class space    used 2470K, capacity 2628K, committed 2688K, reserved 1048576K
Event: 1.122 GC heap after
Heap after GC invocations=3 (full 0):
 PSYoungGen      total 71680K, used 5100K [0x00000000d5c00000, 0x00000000de800000, 0x0000000100000000)
  eden space 66560K, 0% used [0x00000000d5c00000,0x00000000d5c00000,0x00000000d9d00000)
  from space 5120K, 99% used [0x00000000d9d00000,0x00000000da1fb080,0x00000000da200000)
  to   space 5120K, 0% used [0x00000000de300000,0x00000000de300000,0x00000000de800000)
 ParOldGen       total 87552K, used 11290K [0x0000000081400000, 0x0000000086980000, 0x00000000d5c00000)
  object space 87552K, 12% used [0x0000000081400000,0x0000000081f068a0,0x0000000086980000)
 Metaspace       used 20765K, capacity 21144K, committed 21296K, reserved 1069056K
  class space    used 2470K, capacity 2628K, committed 2688K, reserved 1048576K
}
Event: 1.122 GC heap before
{Heap before GC invocations=4 (full 1):
 PSYoungGen      total 71680K, used 5100K [0x00000000d5c00000, 0x00000000de800000, 0x0000000100000000)
  eden space 66560K, 0% used [0x00000000d5c00000,0x00000000d5c00000,0x00000000d9d00000)
  from space 5120K, 99% used [0x00000000d9d00000,0x00000000da1fb080,0x00000000da200000)
  to   space 5120K, 0% used [0x00000000de300000,0x00000000de300000,0x00000000de800000)
 ParOldGen       total 87552K, used 11290K [0x0000000081400000, 0x0000000086980000, 0x00000000d5c00000)
  object space 87552K, 12% used [0x0000000081400000,0x0000000081f068a0,0x0000000086980000)
 Metaspace       used 20765K, capacity 21144K, committed 21296K, reserved 1069056K
  class space    used 2470K, capacity 2628K, committed 2688K, reserved 1048576K
Event: 1.148 GC heap after
Heap after GC invocations=4 (full 1):
 PSYoungGen      total 71680K, used 0K [0x00000000d5c00000, 0x00000000de800000, 0x0000000100000000)
  eden space 66560K, 0% used [0x00000000d5c00000,0x00000000d5c00000,0x00000000d9d00000)
  from space 5120K, 0% used [0x00000000d9d00000,0x00000000d9d00000,0x00000000da200000)
  to   space 5120K, 0% used [0x00000000de300000,0x00000000de300000,0x00000000de800000)
 ParOldGen       total 65024K, used 8367K [0x0000000081400000, 0x0000000085380000, 0x00000000d5c00000)
  object space 65024K, 12% used [0x0000000081400000,0x0000000081c2be50,0x0000000085380000)
 Metaspace       used 20765K, capacity 21144K, committed 21296K, reserved 1069056K
  class space    used 2470K, capacity 2628K, committed 2688K, reserved 1048576K
}
Event: 1.863 GC heap before
{Heap before GC invocations=5 (full 1):
 PSYoungGen      total 71680K, used 66560K [0x00000000d5c00000, 0x00000000de800000, 0x0000000100000000)
  eden space 66560K, 100% used [0x00000000d5c00000,0x00000000d9d00000,0x00000000d9d00000)
  from space 5120K, 0% used [0x00000000d9d00000,0x00000000d9d00000,0x00000000da200000)
  to   space 5120K, 0% used [0x00000000de300000,0x00000000de300000,0x00000000de800000)
 ParOldGen       total 65024K, used 8367K [0x0000000081400000, 0x0000000085380000, 0x00000000d5c00000)
  object space 65024K, 12% used [0x0000000081400000,0x0000000081c2be50,0x0000000085380000)
 Metaspace       used 29687K, capacity 30176K, committed 30336K, reserved 1075200K
  class space    used 3782K, capacity 3928K, committed 3968K, reserved 1048576K
Event: 1.877 GC heap after
Heap after GC invocations=5 (full 1):
 PSYoungGen      total 102400K, used 5118K [0x00000000d5c00000, 0x00000000de800000, 0x0000000100000000)
  eden space 97280K, 0% used [0x00000000d5c00000,0x00000000d5c00000,0x00000000dbb00000)
  from space 5120K, 99% used [0x00000000de300000,0x00000000de7ffb18,0x00000000de800000)
  to   space 5120K, 0% used [0x00000000dde00000,0x00000000dde00000,0x00000000de300000)
 ParOldGen       total 65024K, used 19664K [0x0000000081400000, 0x0000000085380000, 0x00000000d5c00000)
  object space 65024K, 30% used [0x0000000081400000,0x0000000082734008,0x0000000085380000)
 Metaspace       used 29687K, capacity 30176K, committed 30336K, reserved 1075200K
  class space    used 3782K, capacity 3928K, committed 3968K, reserved 1048576K
}
Event: 2.237 GC heap before
{Heap before GC invocations=6 (full 1):
 PSYoungGen      total 102400K, used 30697K [0x00000000d5c00000, 0x00000000de800000, 0x0000000100000000)
  eden space 97280K, 26% used [0x00000000d5c00000,0x00000000d74fa8e8,0x00000000dbb00000)
  from space 5120K, 99% used [0x00000000de300000,0x00000000de7ffb18,0x00000000de800000)
  to   space 5120K, 0% used [0x00000000dde00000,0x00000000dde00000,0x00000000de300000)
 ParOldGen       total 65024K, used 19664K [0x0000000081400000, 0x0000000085380000, 0x00000000d5c00000)
  object space 65024K, 30% used [0x0000000081400000,0x0000000082734008,0x0000000085380000)
 Metaspace       used 34794K, capacity 35304K, committed 35456K, reserved 1079296K
  class space    used 4484K, capacity 4635K, committed 4736K, reserved 1048576K
Event: 2.243 GC heap after
Heap after GC invocations=6 (full 1):
 PSYoungGen      total 138240K, used 5095K [0x00000000d5c00000, 0x00000000e0580000, 0x0000000100000000)
  eden space 133120K, 0% used [0x00000000d5c00000,0x00000000d5c00000,0x00000000dde00000)
  from space 5120K, 99% used [0x00000000dde00000,0x00000000de2f9fd8,0x00000000de300000)
  to   space 15872K, 0% used [0x00000000df600000,0x00000000df600000,0x00000000e0580000)
 ParOldGen       total 65024K, used 25993K [0x0000000081400000, 0x0000000085380000, 0x00000000d5c00000)
  object space 65024K, 39% used [0x0000000081400000,0x0000000082d627f0,0x0000000085380000)
 Metaspace       used 34794K, capacity 35304K, committed 35456K, reserved 1079296K
  class space    used 4484K, capacity 4635K, committed 4736K, reserved 1048576K
}
Event: 2.243 GC heap before
{Heap before GC invocations=7 (full 2):
 PSYoungGen      total 138240K, used 5095K [0x00000000d5c00000, 0x00000000e0580000, 0x0000000100000000)
  eden space 133120K, 0% used [0x00000000d5c00000,0x00000000d5c00000,0x00000000dde00000)
  from space 5120K, 99% used [0x00000000dde00000,0x00000000de2f9fd8,0x00000000de300000)
  to   space 15872K, 0% used [0x00000000df600000,0x00000000df600000,0x00000000e0580000)
 ParOldGen       total 65024K, used 25993K [0x0000000081400000, 0x0000000085380000, 0x00000000d5c00000)
  object space 65024K, 39% used [0x0000000081400000,0x0000000082d627f0,0x0000000085380000)
 Metaspace       used 34794K, capacity 35304K, committed 35456K, reserved 1079296K
  class space    used 4484K, capacity 4635K, committed 4736K, reserved 1048576K
Event: 2.294 GC heap after
Heap after GC invocations=7 (full 2):
 PSYoungGen      total 138240K, used 0K [0x00000000d5c00000, 0x00000000e0580000, 0x0000000100000000)
  eden space 133120K, 0% used [0x00000000d5c00000,0x00000000d5c00000,0x00000000dde00000)
  from space 5120K, 0% used [0x00000000dde00000,0x00000000dde00000,0x00000000de300000)
  to   space 15872K, 0% used [0x00000000df600000,0x00000000df600000,0x00000000e0580000)
 ParOldGen       total 65024K, used 19089K [0x0000000081400000, 0x0000000085380000, 0x00000000d5c00000)
  object space 65024K, 29% used [0x0000000081400000,0x00000000826a4598,0x0000000085380000)
 Metaspace       used 34794K, capacity 35304K, committed 35456K, reserved 1079296K
  class space    used 4484K, capacity 4635K, committed 4736K, reserved 1048576K
}

